2012/01/25 22:52:12 [error] [exception.CHttpException.404] exception 'CHttpException' with message 'Unable to find the code you requested.' in C:\xampp\framework\gii\CCodeGenerator.php:87
Stack trace:
#0 C:\xampp\framework\web\actions\CInlineAction.php(50): CCodeGenerator->actionCode()
#1 C:\xampp\framework\web\CController.php(300): CInlineAction->runWithParams(Array)
#2 C:\xampp\framework\web\CController.php(278): CController->runAction(Object(CInlineAction))
#3 C:\xampp\framework\web\CController.php(257): CController->runActionWithFilters(Object(CInlineAction), Array)
#4 C:\xampp\framework\web\CWebApplication.php(277): CController->run('code')
#5 C:\xampp\framework\web\CWebApplication.php(136): CWebApplication->runController('gii/model/code/...')
#6 C:\xampp\framework\base\CApplication.php(158): CWebApplication->processRequest()
#7 C:\xampp\htdocs\pickerbush\index.php(13): CApplication->run()
#8 {main} REQUEST_URI=/pickerbush/index.php/gii/model/code/id/0
2012/01/26 00:08:02 [error] [exception.CHttpException.403] exception 'CHttpException' with message 'You are not authorized to perform this action.' in C:\xampp\framework\web\auth\CAccessControlFilter.php:158
Stack trace:
#0 C:\xampp\framework\web\auth\CAccessControlFilter.php(120): CAccessControlFilter->accessDenied(Object(CWebUser), 'You are not aut...')
#1 C:\xampp\framework\web\filters\CFilter.php(39): CAccessControlFilter->preFilter(Object(CFilterChain))
#2 C:\xampp\framework\web\CController.php(1144): CFilter->filter(Object(CFilterChain))
#3 C:\xampp\framework\web\filters\CInlineFilter.php(59): CController->filterAccessControl(Object(CFilterChain))
#4 C:\xampp\framework\web\filters\CFilterChain.php(131): CInlineFilter->filter(Object(CFilterChain))
#5 C:\xampp\framework\web\CController.php(283): CFilterChain->run()
#6 C:\xampp\framework\web\CController.php(257): CController->runActionWithFilters(Object(CInlineAction), Array)
#7 C:\xampp\framework\web\CWebApplication.php(277): CController->run('delete')
#8 C:\xampp\framework\web\CWebApplication.php(136): CWebApplication->runController('customer/delete')
#9 C:\xampp\framework\base\CApplication.php(158): CWebApplication->processRequest()
#10 C:\xampp\htdocs\pickerbush\index.php(13): CApplication->run()
#11 {main} REQUEST_URI=/pickerbush/index.php/customer/delete/2
2012/01/26 00:08:10 [error] [php] include(CDbExpressione.php) [<a href='function.include'>function.include</a>]: failed to open stream: No such file or directory (C:\xampp\framework\YiiBase.php:421)
Stack trace:
#0 C:\xampp\htdocs\pickerbush\protected\models\Customer.php(50): spl_autoload_call()
#1 C:\xampp\framework\base\CModel.php(280): Customer->rules()
#2 C:\xampp\framework\base\CModel.php(257): Customer->createValidators()
#3 C:\xampp\framework\base\CModel.php(301): Customer->getValidators()
#4 C:\xampp\framework\web\helpers\CHtml.php(1179): Customer->isAttributeRequired()
#5 C:\xampp\framework\web\widgets\CActiveForm.php(553): activeLabelEx()
#6 C:\xampp\htdocs\pickerbush\protected\views\customer\_form.php(13): CActiveForm->labelEx()
#7 C:\xampp\framework\web\CBaseController.php(119): require()
#8 C:\xampp\framework\web\CBaseController.php(88): CustomerController->renderInternal()
#9 C:\xampp\framework\web\CController.php(866): CustomerController->renderFile()
#10 C:\xampp\htdocs\pickerbush\protected\views\customer\create.php(15): CustomerController->renderPartial()
#11 C:\xampp\framework\web\CBaseController.php(119): require()
#12 C:\xampp\framework\web\CBaseController.php(88): CustomerController->renderInternal()
#13 C:\xampp\framework\web\CController.php(866): CustomerController->renderFile()
#14 C:\xampp\framework\web\CController.php(779): CustomerController->renderPartial()
#15 C:\xampp\htdocs\pickerbush\protected\controllers\CustomerController.php(78): CustomerController->render()
#16 C:\xampp\framework\web\actions\CInlineAction.php(50): CustomerController->actionCreate()
#17 C:\xampp\framework\web\CController.php(300): CInlineAction->runWithParams()
#18 C:\xampp\framework\web\filters\CFilterChain.php(134): CustomerController->runAction()
#19 C:\xampp\framework\web\filters\CFilter.php(41): CFilterChain->run()
#20 C:\xampp\framework\web\CController.php(1144): CAccessControlFilter->filter()
#21 C:\xampp\framework\web\filters\CInlineFilter.php(59): CustomerController->filterAccessControl()
#22 C:\xampp\framework\web\filters\CFilterChain.php(131): CInlineFilter->filter()
#23 C:\xampp\framework\web\CController.php(283): CFilterChain->run()
#24 C:\xampp\framework\web\CController.php(257): CustomerController->runActionWithFilters()
#25 C:\xampp\framework\web\CWebApplication.php(277): CustomerController->run()
#26 C:\xampp\framework\web\CWebApplication.php(136): CWebApplication->runController()
#27 C:\xampp\framework\base\CApplication.php(158): CWebApplication->processRequest()
#28 C:\xampp\htdocs\pickerbush\index.php(13): CWebApplication->run()
REQUEST_URI=/pickerbush/index.php/customer/create
in C:\xampp\htdocs\pickerbush\protected\models\Customer.php (50)
in C:\xampp\htdocs\pickerbush\protected\views\customer\_form.php (13)
in C:\xampp\htdocs\pickerbush\protected\views\customer\create.php (15)
2012/01/26 00:47:54 [error] [exception.CHttpException.403] exception 'CHttpException' with message 'You are not authorized to perform this action.' in C:\xampp\framework\web\auth\CAccessControlFilter.php:158
Stack trace:
#0 C:\xampp\framework\web\auth\CAccessControlFilter.php(120): CAccessControlFilter->accessDenied(Object(CWebUser), 'You are not aut...')
#1 C:\xampp\framework\web\filters\CFilter.php(39): CAccessControlFilter->preFilter(Object(CFilterChain))
#2 C:\xampp\framework\web\CController.php(1144): CFilter->filter(Object(CFilterChain))
#3 C:\xampp\framework\web\filters\CInlineFilter.php(59): CController->filterAccessControl(Object(CFilterChain))
#4 C:\xampp\framework\web\filters\CFilterChain.php(131): CInlineFilter->filter(Object(CFilterChain))
#5 C:\xampp\framework\web\CController.php(283): CFilterChain->run()
#6 C:\xampp\framework\web\CController.php(257): CController->runActionWithFilters(Object(CInlineAction), Array)
#7 C:\xampp\framework\web\CWebApplication.php(277): CController->run('admin')
#8 C:\xampp\framework\web\CWebApplication.php(136): CWebApplication->runController('customer/admin')
#9 C:\xampp\framework\base\CApplication.php(158): CWebApplication->processRequest()
#10 C:\xampp\htdocs\pickerbush\index.php(13): CApplication->run()
#11 {main} REQUEST_URI=/pickerbush/index.php/customer/admin
2012/01/26 00:49:08 [error] [exception.CHttpException.403] exception 'CHttpException' with message 'You are not authorized to perform this action.' in C:\xampp\framework\web\auth\CAccessControlFilter.php:158
Stack trace:
#0 C:\xampp\framework\web\auth\CAccessControlFilter.php(120): CAccessControlFilter->accessDenied(Object(CWebUser), 'You are not aut...')
#1 C:\xampp\framework\web\filters\CFilter.php(39): CAccessControlFilter->preFilter(Object(CFilterChain))
#2 C:\xampp\framework\web\CController.php(1144): CFilter->filter(Object(CFilterChain))
#3 C:\xampp\framework\web\filters\CInlineFilter.php(59): CController->filterAccessControl(Object(CFilterChain))
#4 C:\xampp\framework\web\filters\CFilterChain.php(131): CInlineFilter->filter(Object(CFilterChain))
#5 C:\xampp\framework\web\CController.php(283): CFilterChain->run()
#6 C:\xampp\framework\web\CController.php(257): CController->runActionWithFilters(Object(CInlineAction), Array)
#7 C:\xampp\framework\web\CWebApplication.php(277): CController->run('admin')
#8 C:\xampp\framework\web\CWebApplication.php(136): CWebApplication->runController('customer/admin')
#9 C:\xampp\framework\base\CApplication.php(158): CWebApplication->processRequest()
#10 C:\xampp\htdocs\pickerbush\index.php(13): CApplication->run()
#11 {main} REQUEST_URI=/pickerbush/index.php/customer/admin
2012/01/26 20:58:14 [error] [exception.CHttpException.403] exception 'CHttpException' with message 'You are not authorized to perform this action.' in C:\xampp\framework\web\auth\CAccessControlFilter.php:158
Stack trace:
#0 C:\xampp\framework\web\auth\CAccessControlFilter.php(120): CAccessControlFilter->accessDenied(Object(CWebUser), 'You are not aut...')
#1 C:\xampp\framework\web\filters\CFilter.php(39): CAccessControlFilter->preFilter(Object(CFilterChain))
#2 C:\xampp\framework\web\CController.php(1144): CFilter->filter(Object(CFilterChain))
#3 C:\xampp\framework\web\filters\CInlineFilter.php(59): CController->filterAccessControl(Object(CFilterChain))
#4 C:\xampp\framework\web\filters\CFilterChain.php(131): CInlineFilter->filter(Object(CFilterChain))
#5 C:\xampp\framework\web\CController.php(283): CFilterChain->run()
#6 C:\xampp\framework\web\CController.php(257): CController->runActionWithFilters(Object(CInlineAction), Array)
#7 C:\xampp\framework\web\CWebApplication.php(277): CController->run('admin')
#8 C:\xampp\framework\web\CWebApplication.php(136): CWebApplication->runController('customer/admin')
#9 C:\xampp\framework\base\CApplication.php(158): CWebApplication->processRequest()
#10 C:\xampp\htdocs\pickerbush\index.php(13): CApplication->run()
#11 {main} REQUEST_URI=/pickerbush/index.php/customer/admin
2012/01/27 18:19:09 [error] [exception.CHttpException.403] exception 'CHttpException' with message 'You are not authorized to perform this action.' in C:\xampp\framework\web\auth\CAccessControlFilter.php:158
Stack trace:
#0 C:\xampp\framework\web\auth\CAccessControlFilter.php(120): CAccessControlFilter->accessDenied(Object(CWebUser), 'You are not aut...')
#1 C:\xampp\framework\web\filters\CFilter.php(39): CAccessControlFilter->preFilter(Object(CFilterChain))
#2 C:\xampp\framework\web\CController.php(1144): CFilter->filter(Object(CFilterChain))
#3 C:\xampp\framework\web\filters\CInlineFilter.php(59): CController->filterAccessControl(Object(CFilterChain))
#4 C:\xampp\framework\web\filters\CFilterChain.php(131): CInlineFilter->filter(Object(CFilterChain))
#5 C:\xampp\framework\web\CController.php(283): CFilterChain->run()
#6 C:\xampp\framework\web\CController.php(257): CController->runActionWithFilters(Object(CInlineAction), Array)
#7 C:\xampp\framework\web\CWebApplication.php(277): CController->run('admin')
#8 C:\xampp\framework\web\CWebApplication.php(136): CWebApplication->runController('customer/admin')
#9 C:\xampp\framework\base\CApplication.php(158): CWebApplication->processRequest()
#10 C:\xampp\htdocs\pickerbush\index.php(13): CApplication->run()
#11 {main} REQUEST_URI=/pickerbush/index.php/customer/admin
